<?xml version="1.0" encoding="UTF-8"?>
<!-- Generated by org.testng.reporters.JUnitReportReporter -->
<testsuite hostname="DESKTOP-UQ12CTL" failures="0" tests="3" name="KennectTestFlows.TestRunner" time="44.332" errors="0" timestamp="2024-01-07T23:01:56 IST" skipped="0">
  <testcase classname="KennectTestFlows.TestRunner" name="loginpageValidation" time="23.362"/>
  <testcase classname="KennectTestFlows.TestRunner" name="Home_PageValidation" time="14.666"/>
  <testcase classname="KennectTestFlows.TestRunner" name="jenkins1stJob" time="6.304"/>
</testsuite> <!-- KennectTestFlows.TestRunner -->
