<?xml version="1.0" encoding="UTF-8"?>
<!-- Generated by org.testng.reporters.JUnitReportReporter -->
<testsuite hostname="DESKTOP-UQ12CTL" failures="0" tests="1" name="KennectTestFlows.test" time="0.009" errors="0" timestamp="2024-01-07T14:31:17 IST" skipped="0">
  <testcase classname="KennectTestFlows.test" name="jenkins1stJob" time="0.009"/>
</testsuite> <!-- KennectTestFlows.test -->
